c:\users\jmvsu\onedrive\documents\school_fall_2018\cpen_333\assignment2_partd\cpen_333_assignment2d\assignment2prtd_autorepairshop\assignment2prtd_autorepairshop\debug\vc141.pdb
c:\users\jmvsu\onedrive\documents\school_fall_2018\cpen_333\assignment2_partd\cpen_333_assignment2d\assignment2prtd_autorepairshop\assignment2prtd_autorepairshop\debug\vc141.idb
c:\users\jmvsu\onedrive\documents\school_fall_2018\cpen_333\assignment2_partd\cpen_333_assignment2d\assignment2prtd_autorepairshop\assignment2prtd_autorepairshop\debug\tire.obj
c:\users\jmvsu\onedrive\documents\school_fall_2018\cpen_333\assignment2_partd\cpen_333_assignment2d\assignment2prtd_autorepairshop\assignment2prtd_autorepairshop\debug\technician.obj
c:\users\jmvsu\onedrive\documents\school_fall_2018\cpen_333\assignment2_partd\cpen_333_assignment2d\assignment2prtd_autorepairshop\assignment2prtd_autorepairshop\debug\stores.obj
c:\users\jmvsu\onedrive\documents\school_fall_2018\cpen_333\assignment2_partd\cpen_333_assignment2d\assignment2prtd_autorepairshop\assignment2prtd_autorepairshop\debug\recycling.obj
c:\users\jmvsu\onedrive\documents\school_fall_2018\cpen_333\assignment2_partd\cpen_333_assignment2d\assignment2prtd_autorepairshop\assignment2prtd_autorepairshop\debug\receptionist.obj
c:\users\jmvsu\onedrive\documents\school_fall_2018\cpen_333\assignment2_partd\cpen_333_assignment2d\assignment2prtd_autorepairshop\assignment2prtd_autorepairshop\debug\main.obj
c:\users\jmvsu\onedrive\documents\school_fall_2018\cpen_333\assignment2_partd\cpen_333_assignment2d\assignment2prtd_autorepairshop\assignment2prtd_autorepairshop\debug\jobsheet.obj
c:\users\jmvsu\onedrive\documents\school_fall_2018\cpen_333\assignment2_partd\cpen_333_assignment2d\assignment2prtd_autorepairshop\assignment2prtd_autorepairshop\debug\garbage.obj
c:\users\jmvsu\onedrive\documents\school_fall_2018\cpen_333\assignment2_partd\cpen_333_assignment2d\assignment2prtd_autorepairshop\assignment2prtd_autorepairshop\debug\car.obj
c:\users\jmvsu\onedrive\documents\school_fall_2018\cpen_333\assignment2_partd\cpen_333_assignment2d\assignment2prtd_autorepairshop\assignment2prtd_autorepairshop\debug\rt.obj
c:\users\jmvsu\onedrive\documents\school_fall_2018\cpen_333\assignment2_partd\cpen_333_assignment2d\assignment2prtd_autorepairshop\debug\assignment2prtd_autorepairshop.exe
c:\users\jmvsu\onedrive\documents\school_fall_2018\cpen_333\assignment2_partd\cpen_333_assignment2d\assignment2prtd_autorepairshop\debug\assignment2prtd_autorepairshop.ilk
c:\users\jmvsu\onedrive\documents\school_fall_2018\cpen_333\assignment2_partd\cpen_333_assignment2d\assignment2prtd_autorepairshop\debug\assignment2prtd_autorepairshop.pdb
c:\users\jmvsu\onedrive\documents\school_fall_2018\cpen_333\assignment2_partd\cpen_333_assignment2d\assignment2prtd_autorepairshop\assignment2prtd_autorepairshop\debug\assignme.e199cb61.tlog\cl.command.1.tlog
c:\users\jmvsu\onedrive\documents\school_fall_2018\cpen_333\assignment2_partd\cpen_333_assignment2d\assignment2prtd_autorepairshop\assignment2prtd_autorepairshop\debug\assignme.e199cb61.tlog\cl.read.1.tlog
c:\users\jmvsu\onedrive\documents\school_fall_2018\cpen_333\assignment2_partd\cpen_333_assignment2d\assignment2prtd_autorepairshop\assignment2prtd_autorepairshop\debug\assignme.e199cb61.tlog\cl.write.1.tlog
c:\users\jmvsu\onedrive\documents\school_fall_2018\cpen_333\assignment2_partd\cpen_333_assignment2d\assignment2prtd_autorepairshop\assignment2prtd_autorepairshop\debug\assignme.e199cb61.tlog\link.command.1.tlog
c:\users\jmvsu\onedrive\documents\school_fall_2018\cpen_333\assignment2_partd\cpen_333_assignment2d\assignment2prtd_autorepairshop\assignment2prtd_autorepairshop\debug\assignme.e199cb61.tlog\link.read.1.tlog
c:\users\jmvsu\onedrive\documents\school_fall_2018\cpen_333\assignment2_partd\cpen_333_assignment2d\assignment2prtd_autorepairshop\assignment2prtd_autorepairshop\debug\assignme.e199cb61.tlog\link.write.1.tlog
